2016-09-26 17:49:01 [INF] [初始化缓存...]
2016-09-26 17:49:01 [INF] [缓存表不存在，新建缓存表，表名为： sys]
2016-09-26 17:49:01 [DBG] [缓存表事件回调...事件类型： EVENT_TABLE_ADD]
2016-09-26 17:49:01 [INF] [缓存表不存在，新建缓存表，表名为： default]
2016-09-26 17:49:01 [DBG] [缓存表事件回调...事件类型： EVENT_TABLE_ADD]
2016-09-26 17:49:01 [INF] [启动服务，端口号： 1334 ，连接超时时间： 3000]
2016-09-26 17:51:55 [INF] [接收到请求，token： 20160926175155442021396]
2016-09-26 17:51:55 [DBG] [开始处理长连接请求...]
2016-09-26 17:53:53 [INF] [初始化缓存...]
2016-09-26 17:53:53 [INF] [缓存表不存在，新建缓存表，表名为： sys]
2016-09-26 17:53:53 [DBG] [缓存表事件回调...事件类型： EVENT_TABLE_ADD]
2016-09-26 17:53:53 [INF] [缓存表不存在，新建缓存表，表名为： default]
2016-09-26 17:53:53 [DBG] [缓存表事件回调...事件类型： EVENT_TABLE_ADD]
2016-09-26 17:53:53 [INF] [启动服务，端口号： 1334 ，连接超时时间： 3000]
2016-09-26 17:53:56 [INF] [接收到请求，token： 201609261753562095864677]
2016-09-26 17:53:56 [DBG] [开始处理长连接请求...]
2016-09-26 17:53:57 [DBG] [请求内容为空，不处理]
2016-09-26 17:53:58 [DBG] [请求内容为空，不处理]
2016-09-26 17:53:58 [DBG] [请求内容为空，不处理]
2016-09-26 17:56:35 [INF] [初始化缓存...]
2016-09-26 17:56:35 [INF] [缓存表不存在，新建缓存表，表名为： sys]
2016-09-26 17:56:35 [DBG] [缓存表事件回调...事件类型： EVENT_TABLE_ADD]
2016-09-26 17:56:35 [INF] [缓存表不存在，新建缓存表，表名为： default]
2016-09-26 17:56:35 [DBG] [缓存表事件回调...事件类型： EVENT_TABLE_ADD]
2016-09-26 17:56:35 [INF] [启动服务，端口号： 1334 ，连接超时时间： 3000]
2016-09-26 17:56:37 [INF] [接收到请求，token： 201609261756371399379033]
2016-09-26 17:56:37 [DBG] [开始处理长连接请求...]
2016-09-26 17:56:38 [DBG] [请求内容为空，不处理]
2016-09-26 17:56:38 [DBG] [请求处理完成，响应状态为： SUCCESS 响应内容为： 
 ->]
2016-09-26 17:56:39 [DBG] [请求内容为空，不处理]
2016-09-26 17:56:39 [DBG] [请求处理完成，响应状态为： SUCCESS 响应内容为： 
 ->]
2016-09-26 17:56:40 [DBG] [请求内容为空，不处理]
2016-09-26 17:56:40 [DBG] [请求处理完成，响应状态为： SUCCESS 响应内容为： 
 ->]
2016-09-26 17:56:40 [DBG] [请求内容为空，不处理]
2016-09-26 17:56:40 [DBG] [请求处理完成，响应状态为： SUCCESS 响应内容为： 
 ->]
